#
# A fatal error has been detected by the Java Runtime Environment:
#
#  Internal Error (javaClasses.cpp:129), pid=14852, tid=14832
#  fatal error: Invalid layout of preloaded class
#
# JRE version: 7.0_11-b21
# Java VM: Java HotSpot(TM) 64-Bit Server VM (23.6-b04 mixed mode windows-amd64 compressed oops)
# Failed to write core dump. Minidumps are not enabled by default on client versions of Windows
#
# If you would like to submit a bug report, please visit:
#   http://bugreport.sun.com/bugreport/crash.jsp
#

---------------  T H R E A D  ---------------

Current thread (0x0000000001f6e800):  JavaThread "Unknown thread" [_thread_in_vm, id=14832, stack(0x0000000002190000,0x0000000002290000)]

Stack: [0x0000000002190000,0x0000000002290000]

---------------  P R O C E S S  ---------------

Java Threads: ( => current thread )

Other Threads:

=>0x0000000001f6e800 (exited) JavaThread "Unknown thread" [_thread_in_vm, id=14832, stack(0x0000000002190000,0x0000000002290000)]

VM state:not at safepoint (not fully initialized)

VM Mutex/Monitor currently owned by a thread: None

GC Heap History (0 events):
No events

Deoptimization events (0 events):
No events

Internal exceptions (0 events):
No events

Events (10 events):
Event: 1.238 loading class 0x0000000001ff0bb0 done
Event: 1.265 loading class 0x0000000001fb2ff0 done
Event: 1.265 loading class 0x0000000001fb2fc0
Event: 1.265 loading class 0x0000000001ffaa00
Event: 1.291 loading class 0x0000000001ffaa00 done
Event: 1.291 loading class 0x0000000001ffaa40
Event: 1.291 loading class 0x0000000001ffaa40 done
Event: 1.291 loading class 0x0000000002047b60
Event: 1.291 loading class 0x0000000002047b60 done
Event: 1.291 loading class 0x0000000001fb2fc0 done


Dynamic libraries:
0x000000013f440000 - 0x000000013f473000 	C:\Program Files\Java\jdk1.7.0_11\bin\javaw.exe
0x0000000077840000 - 0x00000000779e9000 	C:\Windows\SYSTEM32\ntdll.dll
0x0000000077620000 - 0x000000007773f000 	C:\Windows\system32\kernel32.dll
0x000007fefd6a0000 - 0x000007fefd70b000 	C:\Windows\system32\KERNELBASE.dll
0x000007feffa70000 - 0x000007feffb4b000 	C:\Windows\system32\ADVAPI32.dll
0x000007fefe520000 - 0x000007fefe5bf000 	C:\Windows\system32\msvcrt.dll
0x000007fefda80000 - 0x000007fefda9f000 	C:\Windows\SYSTEM32\sechost.dll
0x000007fefdcc0000 - 0x000007fefdded000 	C:\Windows\system32\RPCRT4.dll
0x0000000077740000 - 0x000000007783a000 	C:\Windows\system32\USER32.dll
0x000007fefe330000 - 0x000007fefe397000 	C:\Windows\system32\GDI32.dll
0x000007fefdaa0000 - 0x000007fefdaae000 	C:\Windows\system32\LPK.dll
0x000007fefde70000 - 0x000007fefdf39000 	C:\Windows\system32\USP10.dll
0x000007fefbe40000 - 0x000007fefc034000 	C:\Windows\WinSxS\amd64_microsoft.windows.common-controls_6595b64144ccf1df_6.0.7601.17514_none_fa396087175ac9ac\COMCTL32.dll
0x000007feff9f0000 - 0x000007feffa61000 	C:\Windows\system32\SHLWAPI.dll
0x000007fefdf40000 - 0x000007fefdf6e000 	C:\Windows\system32\IMM32.DLL
0x000007fefe3a0000 - 0x000007fefe4a9000 	C:\Windows\system32\MSCTF.dll
0x0000000078970000 - 0x0000000078a41000 	C:\Program Files\Java\jdk1.7.0_11\jre\bin\msvcr100.dll
0x000000006ec80000 - 0x000000006f39f000 	C:\Program Files\Java\jdk1.7.0_11\jre\bin\server\jvm.dll
0x000007fef9ee0000 - 0x000007fef9ee9000 	C:\Windows\system32\WSOCK32.dll
0x000007fefe4b0000 - 0x000007fefe4fd000 	C:\Windows\system32\WS2_32.dll
0x000007fefe5c0000 - 0x000007fefe5c8000 	C:\Windows\system32\NSI.dll
0x000007fefa5d0000 - 0x000007fefa60b000 	C:\Windows\system32\WINMM.dll
0x0000000077a00000 - 0x0000000077a07000 	C:\Windows\system32\PSAPI.DLL
0x0000000050000000 - 0x000000005000f000 	C:\Program Files\Java\jdk1.7.0_11\jre\bin\verify.dll
0x0000000077f00000 - 0x0000000077f28000 	C:\Program Files\Java\jdk1.7.0_11\jre\bin\java.dll
0x0000000077ee0000 - 0x0000000077ef5000 	C:\Program Files\Java\jdk1.7.0_11\jre\bin\zip.dll

VM Arguments:
jvm_args: -Dfile.encoding=Cp1252 -Xbootclasspath:E:\Program Files (x86)\Android\sdk\platforms\android-19\android.jar 
java_command: com.driver.populate
Launcher Type: SUN_STANDARD

Environment Variables:
JAVA_HOME=C:\Windows\System32\java.exe
USERNAME=Hanrui Zhang
OS=Windows_NT
PROCESSOR_IDENTIFIER=Intel64 Family 6 Model 42 Stepping 7, GenuineIntel



---------------  S Y S T E M  ---------------

OS: Windows 7 , 64 bit Build 7601 Service Pack 1

CPU:total 4 (2 cores per cpu, 2 threads per core) family 6 model 42 stepping 7, cmov, cx8, fxsr, mmx, sse, sse2, sse3, ssse3, sse4.1, sse4.2, popcnt, avx, ht, tsc, tscinvbit

Memory: 4k page, physical 3773920k(175604k free), swap 7545976k(1109072k free)

vm_info: Java HotSpot(TM) 64-Bit Server VM (23.6-b04) for windows-amd64 JRE (1.7.0_11-b21), built on Jan 12 2013 02:38:42 by "java_re" with unknown MS VC++:1600

time: Sat Nov 30 20:40:53 2013
elapsed time: 1 seconds

